
telnet session telnet0 on /dev/ptyb0

*****************************************************************************
**                              Warning Notice                             **
** This system is restricted solely to Dearborn Public Schools authorized  **
** users for legitimate school purposes only as defined in the Dearborn    **
** Public Schools Acceptable Use Policy.  The actual or attempted          **
** unauthorized access, use, or modification of this system is strictly    **
** prohibited by Dearborn Public Schools.  Unauthorized users are subject  **
** to school disciplinary proceedings and/or criminal and civil penalties  **
** under state, federal, or other applicable domestic and foreign laws.    **
** The use of this system may be monitored and recorded for administrative **
** and security reasons.  Anyone accessing this system expressly consents  **
** to such monitoring and is advised that if monitoring reveals possible   **
** evidence of criminal activity, Dearborn Public Schools may provide the  **
** evidence of such activity to law enforcement officials.  All users must **
** comply with Dearborn Public Schools Acceptable Use Policy regarding the **
** protection of Dearborn Public Schools Information assets.               **
** Contact Information:                                                    **
**                      Dearborn Public School HelpDesk,                   **
**                  18700 Audette Dearborn, MI  48124-4295                 **
**                              (313) 730-0319                             **
**      ITDesk@dearborn.k12.mi.us      http://www.dearbornschools.org      **
**                                                                         **
*****************************************************************************

login: Davidc
password: 

ExtremeXOS
Copyright (C) 1996-2016 Extreme Networks. All rights reserved.
This product is protected by one or more US patents listed at http://www.extremenetworks.com/patents along with their foreign counterparts.
==============================================================================

Press the <tab> or '?' key at any time for completions.
Remember to save your configuration changes.


Slot-1 IO038SW1-IC2.1 # sho config | include untagged
configure vlan Kronos add ports 3:13 untagged  
configure vlan Lab1 add ports 3:1-12,3:14,3:16-26,3:29-38,3:42-47 untagged  
configure vlan NetMgmt add ports 1:5-12,1:42-46,2:1,2:48 untagged  
configure vlan Security add ports 1:4,1:47-48,3:48 untagged  
configure vlan Students1 add ports 1:2-3,1:13-32,1:34,1:36,1:38,1:40,2:3,2:5-11,2:13-20,2:22-39 untagged  
configure vlan Video1 add ports 1:1,1:33,1:35,1:37,1:39,1:41,2:2,2:4,2:12,2:21,2:40-47,3:15,3:27-28,3:39-41 untagged  
