
telnet session telnet0 on /dev/ptyb0

*****************************************************************************
**                              Warning Notice                             **
** This system is restricted solely to Dearborn Public Schools authorized  **
** users for legitimate school purposes only as defined in the Dearborn    **
** Public Schools Acceptable Use Policy.  The actual or attempted          **
** unauthorized access, use, or modification of this system is strictly    **
** prohibited by Dearborn Public Schools.  Unauthorized users are subject  **
** to school disciplinary proceedings and/or criminal and civil penalties  **
** under state, federal, or other applicable domestic and foreign laws.    **
** The use of this system may be monitored and recorded for administrative **
** and security reasons.  Anyone accessing this system expressly consents  **
** to such monitoring and is advised that if monitoring reveals possible   **
** evidence of criminal activity, Dearborn Public Schools may provide the  **
** evidence of such activity to law enforcement officials.  All users must **
** comply with Dearborn Public Schools Acceptable Use Policy regarding the **
** protection of Dearborn Public Schools Information assets.               **
** Contact Information:                                                    **
**                      Dearborn Public School HelpDesk,                   **
**                  18700 Audette Dearborn, MI  48124-4295                 **
**                              (313) 730-0319                             **
**      ITDesk@dearborn.k12.mi.us      http://www.dearbornschools.org      **
**                                                                         **
*****************************************************************************

login: Davidc
password: 

ExtremeXOS
Copyright (C) 1996-2016 Extreme Networks. All rights reserved.
This product is protected by one or more US patents listed at http://www.extremenetworks.com/patents along with their foreign counterparts.
==============================================================================

Press the <tab> or '?' key at any time for completions.
Remember to save your configuration changes.


Slot-1 IO038SW1-IC3.1 # sho config | include untagged
configure vlan Kronos add ports 1:43 untagged  
configure vlan NetMgmt add ports 3:48,6:17,6:19,6:21,6:23,6:25,6:27,6:29,6:31,6:33,6:35,6:37,6:39,6:41,6:43,6:45-48 untagged  
configure vlan Security add ports 1:46-48,5:48,6:42,6:44 untagged  
configure vlan Students1 add ports 1:1-22,1:25-26,1:41,1:45,2:1-6,2:8-27,2:29-46,2:48,5:21-46,6:1-8,6:10-16,6:18,6:20 untagged  
configure vlan Students2 add ports 3:2-13,3:15-37,3:39-47,4:1-48,5:1-20 untagged  
configure vlan Video1 add ports 1:24,1:27-40,1:42,1:44,2:7,2:28,2:47,3:1,3:14,3:38,5:47,6:9,6:22,6:24,6:26,6:28,6:30,6:32,6:34,6:36,6:38,6:40 untagged  
