
telnet session telnet0 on /dev/ptyb0

*****************************************************************************
**                              Warning Notice                             **
** This system is restricted solely to Dearborn Public Schools authorized  **
** users for legitimate school purposes only as defined in the Dearborn    **
** Public Schools Acceptable Use Policy.  The actual or attempted          **
** unauthorized access, use, or modification of this system is strictly    **
** prohibited by Dearborn Public Schools.  Unauthorized users are subject  **
** to school disciplinary proceedings and/or criminal and civil penalties  **
** under state, federal, or other applicable domestic and foreign laws.    **
** The use of this system may be monitored and recorded for administrative **
** and security reasons.  Anyone accessing this system expressly consents  **
** to such monitoring and is advised that if monitoring reveals possible   **
** evidence of criminal activity, Dearborn Public Schools may provide the  **
** evidence of such activity to law enforcement officials.  All users must **
** comply with Dearborn Public Schools Acceptable Use Policy regarding the **
** protection of Dearborn Public Schools Information assets.               **
** Contact Information:                                                    **
**                      Dearborn Public School HelpDesk,                   **
**                  18700 Audette Dearborn, MI  48124-4295                 **
**                              (313) 730-0319                             **
**      ITDesk@dearborn.k12.mi.us      http://www.dearbornschools.org      **
**                                                                         **
*****************************************************************************

login: Davidc
password: 

ExtremeXOS
Copyright (C) 1996-2016 Extreme Networks. All rights reserved.
This product is protected by one or more US patents listed at http://www.extremenetworks.com/patents along with their foreign counterparts.
==============================================================================

Press the <tab> or '?' key at any time for completions.
Remember to save your configuration changes.


Slot-1 IO038SW1-IC1.1 # sho config | include untagged
configure vlan NetMgmt add ports 2:1-3,2:5,2:7,2:9,2:48 untagged  
configure vlan Security add ports 1:46-47 untagged  
configure vlan Students1 add ports 1:2-30,1:33,1:35,1:41,1:48,2:4,2:6,2:8,2:10-47 untagged  
configure vlan Video1 add ports 1:1,1:31-32,1:34,1:36-40,1:42-45 untagged  
