
telnet session telnet0 on /dev/ptyb0

**************************************************************************
**                            Warning Notice                            **
**  This system is restricted solely to Forest Hills Public Schools     **
**  authorized users for legitimate school purposes. The actual or      **
**  attempted unauthorized access, use, or modification of this system  **
**  is strictly prohibited by Forest Hills Public Schools.              **
**  Unauthorized users are subject to school disciplinary proceedings   **
**  and/or criminal and civil penalties under state, federal, or other  **
**  applicable domestic and foreign laws.  The use of this system may   **
**  be monitored and recorded for security and administrative reasons.  **
**  Anyone accessing this system expressly consents to such monitoring  **
**  and is advised that if monitoring reveals possible evidence of      **
**  criminal activity, Forest Hills Public Schools may provide the      **
**  evidence of such activity to law enforcement officials.             **
**************************************************************************

login: admin
password: 

ExtremeXOS
Copyright (C) 1996-2020 Extreme Networks. All rights reserved.
This product is protected by one or more US patents listed at https://www.extremenetworks.com/company/legal/patents/ along with their foreign counterparts.
==============================================================================


Press the <tab> or '?' key at any time for completions.
Remember to save your configuration changes.

There have been 656 successful logins since last reboot and 0 failed logins since last successful login
Last Successful Login was on: Mon Nov 20 22:15:10 2023



* Slot-1 1911-CW-MDF.1 # show vlan
Untagged ports auto-move: Inform
-----------------------------------------------------------------------------------------------
Name            VID  Protocol Addr       Flags                         Proto  Ports  Virtual   
                                                                              Active router
                                                                              /Total
-----------------------------------------------------------------------------------------------
Default         1    --------------------------------T-------------    ANY    0 /4   VR-Default 
Mgmt            4095 192.168.0.1    /24  --------------------------    ANY    0 /1   VR-Mgmt    
NetLogin-VLAN   4094 ----------------------LN----------------------    ANY    0 /0   VR-Default 
NoLoop          666  ----------------------------------------------    ANY    77/230 VR-Default 
VLAN119-CW-Chrome 119  ----------------------------------------------    ANY    28/29  VR-Default 
VLAN19-CW-Data  19   ----------------------------------------------    ANY    65/207 VR-Default 
VLAN196-Opera-Chrome 196  ----------------------------------------------    ANY    3 /3   VR-Default 
VLAN219-CW-Camera 219  ----------------------------------------------    ANY    6 /6   VR-Default 
VLAN296-Opera-Camera 296  ----------------------------------------------    ANY    3 /3   VR-Default 
VLAN3-Mgmt      3    10.3.19.11     /16  --------------------------    ANY    28/29  VR-Default 
VLAN319-CW-Media 319  ----------------------------------------------    ANY    29/30  VR-Default 
VLAN396-Opera-Media 396  ----------------------------------------------    ANY    3 /3   VR-Default 
VLAN4-WIRELESS-CONTROL 4    ----------------------------------------------    ANY    3 /3   VR-Default 
VLAN419-CW-BYOD 419  ----------------------------------------------    ANY    28/29  VR-Default 
VLAN459-CW-Staff 459  ----------------------------------------------    ANY    29/30  VR-Default 
VLAN470-Opera-Staff 470  ----------------------------------------------    ANY    2 /2   VR-Default 
VLAN496-Opera-BYOD 496  ----------------------------------------------    ANY    3 /3   VR-Default 
VLAN500-Cards   500  ----------------------------------------------    ANY    3 /3   VR-Default 
VLAN501-IOT     501  ----------------------------------------------    ANY    29/36  VR-Default 
VLAN502-SecDoor 502  ----------------------------------------------    ANY    5 /5   VR-Default 
VLAN519-CW-Phone 519  ----------------------------------------------    ANY    66/208 VR-Default 
VLAN531-NHS-Phone 531  ----------------------------------------------    ANY    25/26  VR-Default 
VLAN596-Opera-Phone 596  ----------------------------------------------    ANY    2 /2   VR-Default 
VLAN631-NHS-Voice-Sys 631  ----------------------------------------------    ANY    25/26  VR-Default 
VLAN7-PUBLIC-Wireless 7    ----------------------------------------------    ANY    29/30  VR-Default 
VLAN70-SCLC_Restricted 70   ----------------------------------------------    ANY    29/30  VR-Default 
VLAN719-CW-FH-GUEST 719  ----------------------------------------------    ANY    28/29  VR-Default 
VLAN72-Chrome-Wireless 72   ----------------------------------------------    ANY    29/30  VR-Default 
VLAN796-Opera-FH-GUEST 796  ----------------------------------------------    ANY    3 /3   VR-Default 
VLAN96-Opera-Data 96   ----------------------------------------------    ANY    2 /2   VR-Default 
-----------------------------------------------------------------------------------------------
Flags : (B) BFD Enabled, (c) 802.1ad customer VLAN, (C) EAPS Control VLAN,
        (d) Dynamically created VLAN, (D) VLAN Admin Disabled,
        (E) ESRP Enabled, (f) IP Forwarding Enabled,
        (F) Learning Disabled, (i) ISIS Enabled,
        (I) Inter-Switch Connection VLAN for MLAG, (k) PTP Configured,
        (l) MPLS Enabled, (L) Loopback Enabled, (m) IPmc Forwarding Enabled,
        (M) Translation Member VLAN or Subscriber VLAN, (n) IP Multinetting Enabled,
        (N) Network Login VLAN, (o) OSPF Enabled, (O) Virtual Network Overlay,
        (p) PIM Enabled, (P) EAPS protected VLAN, (r) RIP Enabled,
        (R) Sub-VLAN IP Range Configured, (s) Sub-VLAN, (S) Super-VLAN,
        (t) Translation VLAN or Network VLAN, (T) Member of STP Domain,
        (v) VRRP Enabled, (V) VPLS Enabled, (W) VPWS Enabled,
        (Y) Policy Enabled

Total number of VLAN(s) : 30 
* Slot-1 1911-CW-MDF.2 # disable clip
Info: Command executed. Please use new command: disable cli paging
* Slot-1 1911-CW-MDF.3 # show vlan VLAN19
%% Ambiguous command:  "show vlan VLAN19"
* Slot-1 1911-CW-MDF.4 # show vlan VLAN19-CW
VLAN Interface with name VLAN19-CW-Data created by user
    Admin State:         Enabled     Tagging:   802.1Q Tag 19 
    Description:         None
    Virtual router:      VR-Default
    IP Anycast:          Disabled
    IPv4 Forwarding:     Disabled
    IPv4 MC Forwarding:  Disabled
    IPv6 Forwarding:     Disabled
    IPv6 MC Forwarding:  Disabled
    IPv6:                None
    STPD:                None
    Protocol:            Match all unfiltered protocols
    Loopback:            Disabled
    NetLogin:            Disabled
    QosProfile:          None configured
    Egress Rate Limit Designated Port: None configured
    Flood Rate Limit QosProfile:       None configured
    Suppress ARP:        Disabled
    Suppress ND:         Disabled
    Proxy ARP:           Entry required
    Ports:   207.         (Number of active ports=65)
       Untag:    *1:1,    1:2,   *1:3,   *1:5,    1:7,    1:9,   1:11,
                 1:13,   1:15,   1:17,   1:19,  *1:20,   1:21,   1:22,
                 1:23,   1:24,   1:25,   1:26,   1:27,   1:28,   1:29,
                 1:30,   1:31,   1:32,   1:33,   1:34,   1:35,   1:36,
                 1:37,   1:38,   1:39,   1:40,   1:41,  *1:42,   1:43,
                *1:44,   1:45,  *1:46,   1:47,  *1:48,    2:1,    2:2,
                  2:3,    2:4,    2:5,    2:6,    2:7,   *2:8,    2:9,
                 2:10,  *2:11,  *2:13,  *2:14,  *2:17,   2:18,   2:19,
                *2:20,   2:21,  *2:22,   2:23,   2:24,   2:25,  *2:26,
                 2:27,   2:28,   2:29,  *2:32,    3:1,    3:2,    3:3,
                  3:4,    3:5,   3:11,   3:14,  *3:15,  *3:16,  *3:17,
                *3:18,   3:19,  *3:21,  *3:22,   3:23,  *3:24,   *4:1,
                  4:2,   *4:3,   *4:4,   *4:5,   *4:6,    4:7,   *4:8,
                  4:9,  *4:10,  *4:11,  *4:12,  *4:13,   4:14,  *4:15,
                 4:16,   4:17,   4:18,   4:19,   4:20,   4:21,   4:22,
                 4:23,   4:24,   4:25,   4:26,   4:27,   4:28,   4:29,
                 4:30,   4:31,   4:32,   4:33,   4:34,   4:35,   4:36,
                 4:37,   4:38,   4:39,   4:40,   4:41,   4:42,   4:43,
                 4:44,   4:45,  *4:46,  *4:47,  *4:48,    5:1,    5:2,
                  5:3,    5:4,    5:5,    5:6,    5:7,    5:8,    5:9,
                 5:10,   5:11,   5:12,   5:13,   5:14,   5:15,   5:16,
                 5:17,   5:18,   5:19,   5:20,   5:21,   5:22,   5:23,
                 5:24,   5:25,   5:26,   5:27,   5:28,   5:29,   5:30,
                 5:31,   5:32,   5:33,   5:34,   5:35,   5:36,   5:37,
                 5:38,   5:39,   5:40,   5:41,   5:42,   5:43,   5:44,
                 5:45,   5:46,   5:47,   5:48
       Tag:      *1:4,   *1:6,   *1:8,  *1:10,  *1:12,  *1:14,  *1:16,
                *1:18,*1:49(to_CW_Lbvolt),   2:16,  *2:37,  *2:38,  *2:39,  *2:40,
                *2:41,  *2:42,  *2:43,  *2:44,  *2:45,  *2:46,  *2:47,
                *2:48,   *3:7,   *3:8,   *3:9,  *3:10,  *3:20,*1:52(to_FHPS_Core)g
        Flags:    (*) Active, (!) Disabled, (g) Load Sharing port
                  (b) Port blocked on the vlan, (m) Mac-Based port
                  (i) Port inactivated on the vlan due to VXLAN configuration
                  (a) Egress traffic allowed for NetLogin
                  (u) Egress traffic unallowed for NetLogin
                  (t) Translate VLAN tag for Private-VLAN
                  (s) Private-VLAN System Port, (L) Loopback port
                  (x) VMAN Tag Translated port
                  (A) Dynamically added by Auto-peering
                  (F) Dynamically added by Fabric Attach
                  (G) Multi-switch LAG Group port
                  (H) Dynamically added by MVRP
                  (I) Dynamically added by IDM
                  (N) Dynamically added by Netlogin
                  (U) Dynamically added uplink port
                  (V) Dynamically added by VM Tracking

