login: admin
password: 

ExtremeXOS
Copyright (C) 1996-2020 Extreme Networks. All rights reserved.
This product is protected by one or more US patents listed at https://www.extremenetworks.com/company/legal/patents/ along with their foreign counterparts.
==============================================================================


Press the <tab> or '?' key at any time for completions.
Remember to save your configuration changes.

There have been 2849 successful logins since last reboot and 0 failed logins since last successful login
Last Successful Login was on: Tue Nov 14 17:40:34 2023



Slot-1 1721-NT-Lifskls.1 # show vlan VLAN17
VLAN Interface with name VLAN17-NT-Data created by user
    Admin State:         Enabled     Tagging:   802.1Q Tag 17 
    Description:         None
    Virtual router:      VR-Default
    IP Anycast:          Disabled
    IPv4 Forwarding:     Disabled
    IPv4 MC Forwarding:  Disabled
    IPv6 Forwarding:     Disabled
    IPv6 MC Forwarding:  Disabled
    IPv6:                None
    STPD:                None
    Protocol:            Match all unfiltered protocols
    Loopback:            Disabled
    NetLogin:            Disabled
    QosProfile:          None configured
    Egress Rate Limit Designated Port: None configured
    Flood Rate Limit QosProfile:       None configured
    Suppress ARP:        Disabled
    Suppress ND:         Disabled
    Proxy ARP:           Entry required
    Ports:   160.         (Number of active ports=65)
       Untag:     1:1,    1:2,    1:3,    1:4,   *1:5,    1:6,   *1:7,
                  1:8,   *1:9,   1:13,   1:14,   1:15,   1:16,  *1:17,
                *1:18,   1:19,   1:20,   1:21,  *1:22,  *1:23,  *1:24,
                 1:25,   1:26,  *1:27,   1:28,   1:29,   1:30,   1:31,
                 1:32,  *1:33,  *1:34,  *1:35,  *1:36,   1:37,  *1:38,
                 1:39,   1:40,   1:41,  *1:42,   1:43,  *1:44,   1:45,
                 1:46,   1:47,    2:1,    2:2,   *2:3,   *2:8,  *2:21,
                 2:22,  *2:23,   2:24,   2:25,  *2:26,   2:27,   2:28,
                 2:29,   2:30,   2:32,  *2:41,   2:42,   2:43,   2:44,
                 2:45,   2:46,  *2:47,  *2:48,    3:4,   *3:6,   *3:7,
                  3:8,  *3:11,   3:12,   3:13,  *3:14,    4:1,    4:2,
                  4:3,    4:4,    4:5,    4:6,    4:7,    4:8,    4:9,
                 4:10,   4:11,   4:12,   4:13,   4:14,   4:15,   4:16,
                 4:17,   4:18,   4:19,   4:20,   4:21,   4:22,   4:23,
                 4:24,   4:25,   4:26,   4:27,   4:28,   4:29,   4:30,
                 4:31,   4:32,   4:33,   4:34,   4:35,   4:36,   4:37,
                 4:38,   4:39,   4:40,   4:41,   4:42,   4:43,   4:44,
                 4:45,   4:46,   4:47,   4:48
       Tag:   *1:48(to_NT_Cafe),*1:52(to_NT_MDF),   *2:4,   *2:5,   *2:6,   *2:7,   *2:9,
                *2:10,  *2:11,  *2:12,  *2:13,  *2:14,  *2:15,  *2:16,
                *2:17,  *2:18,  *2:19,  *2:20,  *2:33,  *2:34,  *2:35,
                *2:36,  *2:37,  *2:38,  *2:39,  *2:40,   *3:1,   *3:2,
                 *3:3,  *3:17,  *3:18,  *3:19,  *3:20,  *3:21,  *3:22,
                *3:23,  *3:24  
        Flags:    (*) Active, (!) Disabled, (g) Load Sharing port
                  (b) Port blocked on the vlan, (m) Mac-Based port
                  (i) Port inactivated on the vlan due to VXLAN configuration
                  (a) Egress traffic allowed for NetLogin
                  (u) Egress traffic unallowed for NetLogin
                  (t) Translate VLAN tag for Private-VLAN
                  (s) Private-VLAN System Port, (L) Loopback port
                  (x) VMAN Tag Translated port
                  (A) Dynamically added by Auto-peering
                  (F) Dynamically added by Fabric Attach
                  (G) Multi-switch LAG Group port
                  (H) Dynamically added by MVRP
                  (I) Dynamically added by IDM
                  (N) Dynamically added by Netlogin
                  (U) Dynamically added uplink port
                  (V) Dynamically added by VM Tracking

Slot-1 1721-NT-Lifskls.2 #   exit
