
telnet session telnet0 on /dev/ptyb0

**************************************************************************
**                            Warning Notice                            **
**  This system is restricted solely to Forest Hills Public Schools     **
**  authorized users for legitimate school purposes. The actual or      **
**  attempted unauthorized access, use, or modification of this system  **
**  is strictly prohibited by Forest Hills Public Schools.              **
**  Unauthorized users are subject to school disciplinary proceedings   **
**  and/or criminal and civil penalties under state, federal, or other  **
**  applicable domestic and foreign laws.  The use of this system may   **
**  be monitored and recorded for security and administrative reasons.  **
**  Anyone accessing this system expressly consents to such monitoring  **
**  and is advised that if monitoring reveals possible evidence of      **
**  criminal activity, Forest Hills Public Schools may provide the      **
**  evidence of such activity to law enforcement officials.             **
**************************************************************************

login: admin
password: 

ExtremeXOS
Copyright (C) 1996-2020 Extreme Networks. All rights reserved.
This product is protected by one or more US patents listed at https://www.extremenetworks.com/company/legal/patents/ along with their foreign counterparts.
==============================================================================


Press the <tab> or '?' key at any time for completions.
Remember to save your configuration changes.

There have been 10211 successful logins since last reboot and 0 failed logins since last successful login
Last Successful Login was on: Thu Dec 21 16:03:43 2023



Slot-1 1411-TA-MDF.1 # show vlan
Untagged ports auto-move: Inform
-----------------------------------------------------------------------------------------------
Name            VID  Protocol Addr       Flags                         Proto  Ports  Virtual   
                                                                              Active router
                                                                              /Total
-----------------------------------------------------------------------------------------------
Default         1    ----------------------------------------------    ANY    0 /0   VR-Default 
Mgmt            4095 192.168.0.1    /24  --------------------------    ANY    0 /1   VR-Mgmt    
NoLoop          666  ----------------------------------------------    ANY    70/131 VR-Default 
VLAN114-TA-Chrome 114  ----------------------------------------------    ANY    17/19  VR-Default 
VLAN14-TA-Data  14   ----------------------------------------------    ANY    56/106 VR-Default 
VLAN214-TA-Camera 214  ----------------------------------------------    ANY    7 /9   VR-Default 
VLAN3-Mgmt      3    10.3.14.11     /16  --------------------------    ANY    17/19  VR-Default 
VLAN314-TA-Media 314  ----------------------------------------------    ANY    20/23  VR-Default 
VLAN4-WIRELESS-CONTROL 4    ----------------------------------------------    ANY    2 /3   VR-Default 
VLAN414-TA-BYOD 414  ----------------------------------------------    ANY    17/19  VR-Default 
VLAN454-TA-Staff 454  ----------------------------------------------    ANY    17/19  VR-Default 
VLAN501-IOT     501  ----------------------------------------------    ANY    17/18  VR-Default 
VLAN502-SecDoor 502  ----------------------------------------------    ANY    5 /5   VR-Default 
VLAN514-TA-Phone 514  ----------------------------------------------    ANY    62/112 VR-Default 
VLAN531-NHS-Phone 531  ----------------------------------------------    ANY    17/19  VR-Default 
VLAN631-NHS-Voice-Sys 631  ----------------------------------------------    ANY    17/20  VR-Default 
VLAN7-PUBLIC-Wireless 7    ----------------------------------------------    ANY    17/19  VR-Default 
VLAN70-SCLC_Restricted 70   ----------------------------------------------    ANY    17/19  VR-Default 

-----------------------------------------------------------------------------------------------
Flags : (B) BFD Enabled, (c) 802.1ad customer VLAN, (C) EAPS Control VLAN,
        (d) Dynamically created VLAN, (D) VLAN Admin Disabled,
        (E) ESRP Enabled, (f) IP Forwarding Enabled,
        (F) Learning Disabled, (i) ISIS Enabled,
        (I) Inter-Switch Connection VLAN for MLAG, (k) PTP Configured,
        (l) MPLS Enabled, (L) Loopback Enabled, (m) IPmc Forwarding Enabled,
        (M) Translation Member VLAN or Subscriber VLAN, (n) IP Multinetting Enabled,
        (N) Network Login VLAN, (o) OSPF Enabled, (O) Virtual Network Overlay,
        (p) PIM Enabled, (P) EAPS protected VLAN, (r) RIP Enabled,
        (R) Sub-VLAN IP Range Configured, (s) Sub-VLAN, (S) Super-VLAN,
        (t) Translation VLAN or Network VLAN, (T) Member of STP Domain,
        (v) VRRP Enabled, (V) VPLS Enabled, (W) VPWS Enabled,
        (Y) Policy Enabled

Total number of VLAN(s) : 20 
Slot-1 1411-TA-MDF.2 # 
Slot-1 1411-TA-MDF.2 # disable cli pag
Slot-1 1411-TA-MDF.3 # show vlan VLAN14
VLAN Interface with name VLAN14-TA-Data created by user
    Admin State:         Enabled     Tagging:   802.1Q Tag 14 
    Description:         None
    Virtual router:      VR-Default
    IP Anycast:          Disabled
    IPv4 Forwarding:     Disabled
    IPv4 MC Forwarding:  Disabled
    IPv6 Forwarding:     Disabled
    IPv6 MC Forwarding:  Disabled
    IPv6:                None
    STPD:                None
    Protocol:            Match all unfiltered protocols
    Loopback:            Disabled
    NetLogin:            Disabled
    QosProfile:          None configured
    Egress Rate Limit Designated Port: None configured
    Flood Rate Limit QosProfile:       None configured
    Suppress ARP:        Disabled
    Suppress ND:         Disabled
    Proxy ARP:           Entry required
    Ports:   106.         (Number of active ports=56)
       Untag:    *1:1,    1:2,   *1:3,   *1:4,    1:5,    1:6,   *1:7,
                  1:8,   *1:9,   1:10,  *1:11,  *1:12,   1:13,   1:14,
                 1:15,  *1:16,   1:19,   1:20,   1:21,   1:22,   1:23,
                 1:24,   1:25,   1:26,  *1:27,  *1:29,   1:30,  *1:31,
                *1:32,  *1:33,   1:34,   1:35,  *1:36,  *1:37,   1:38,
                *1:39,   1:40,   1:41,  *1:42,  *1:43,   1:44,  *1:45,
                 1:46,  *1:47,   1:48,    2:1,    2:2,    2:3,    2:4,
                  2:5,   *2:6,   *2:7,   *2:8,   *2:9,   2:10,   2:11,
                 2:12,  *2:13,   2:14,  *2:15,   2:16,   2:17,  *2:18,
                 2:20,   2:22,   2:28,  *2:29,   2:30,   2:31,  *2:33,
                *2:35,  *2:36,  *2:37,   2:38,   2:39,   2:40,  *2:41,
                 2:42,  *2:43,   2:44,  *2:47,   2:48,   3:18,  *3:19,
                *3:20,  *3:23,  *3:24
       Tag:   *1:49(to_TA_B_Paper),2:49(to_TA_MC),   *3:1,   *3:2,   *3:3,   *3:4,   *3:5,
                 *3:6,   *3:7,   *3:8,   *3:9,  *3:10,  *3:11,   3:12,
                *3:13,  *3:14,  *3:15,  *3:16,*1:52(to_FHPS_Core)g
        Flags:    (*) Active, (!) Disabled, (g) Load Sharing port
                  (b) Port blocked on the vlan, (m) Mac-Based port
                  (i) Port inactivated on the vlan due to VXLAN configuration
                  (a) Egress traffic allowed for NetLogin
                  (u) Egress traffic unallowed for NetLogin
                  (t) Translate VLAN tag for Private-VLAN
                  (s) Private-VLAN System Port, (L) Loopback port
                  (x) VMAN Tag Translated port
                  (A) Dynamically added by Auto-peering
                  (F) Dynamically added by Fabric Attach
                  (G) Multi-switch LAG Group port
                  (H) Dynamically added by MVRP
                  (I) Dynamically added by IDM
                  (N) Dynamically added by Netlogin
                  (U) Dynamically added uplink port
                  (V) Dynamically added by VM Tracking

Slot-1 1411-TA-MDF.4 # 
Slot-1 1411-TA-MDF.4 # 
Slot-1 1411-TA-MDF.4 # exit
