50_Rochester_MDF.3 # sho config
#
# Module devmgr configuration.
#
configure snmp sysName "50_Rochester_MDF"
configure snmp sysLocation "50_Rochester_HS"
configure snmp sysContact "Help Desk"
configure timezone name EST -300 autodst name EDT 
configure sys-recovery-level switch reset

#
# Module vlan configuration.
#
configure vlan default delete ports all
configure vr VR-Default delete ports 1-54
configure vr VR-Default add ports 1-54
configure vlan default delete ports 1-54
create qosprofile "QP6"
create vlan "AP_50"
configure vlan AP_50 tag 3050
create vlan "Camera"
configure vlan Camera tag 450
create vlan "Faculty"
configure vlan Faculty tag 503
create vlan "NEC"
configure vlan NEC tag 1000
create vlan "NetMgmt"
configure vlan NetMgmt tag 250
enable loopback-mode vlan NetMgmt
create vlan "NoLoop"
configure vlan NoLoop tag 999
create vlan "Print"
configure vlan Print tag 150
create vlan "Printer"
configure vlan Printer tag 240
create vlan "Rochester_Wan"
configure vlan Rochester_Wan tag 2050
create vlan "sanbackup"
configure vlan sanbackup tag 1300
create vlan "Student"
configure vlan Student tag 501
create vlan "unauthenticated"
configure vlan unauthenticated tag 1010
create vlan "Video"
configure vlan Video tag 1700
create vlan "Voice"
configure vlan Voice tag 350
enable diffserv examination port 1
enable diffserv examination port 2
enable diffserv examination port 3
enable diffserv examination port 4
enable diffserv examination port 5
enable diffserv examination port 6
enable diffserv examination port 7
enable diffserv examination port 8
enable diffserv examination port 9
enable diffserv examination port 10
enable diffserv examination port 11
enable diffserv examination port 12
enable diffserv examination port 13
enable diffserv examination port 14
enable diffserv examination port 15
enable diffserv examination port 16
enable diffserv examination port 17
enable diffserv examination port 18
enable diffserv examination port 19
enable diffserv examination port 20
enable diffserv examination port 21
enable diffserv examination port 22
enable diffserv examination port 23
enable diffserv examination port 24
enable diffserv examination port 25
enable diffserv examination port 26
enable diffserv examination port 27
enable diffserv examination port 28
enable diffserv examination port 29
enable diffserv examination port 30
enable diffserv examination port 31
enable diffserv examination port 32
enable diffserv examination port 33
enable diffserv examination port 34
enable diffserv examination port 35
enable diffserv examination port 36
enable diffserv examination port 37
enable diffserv examination port 38
enable diffserv examination port 39
enable diffserv examination port 40
enable diffserv examination port 41
enable diffserv examination port 42
enable diffserv examination port 43
enable diffserv examination port 44
enable diffserv examination port 45
enable diffserv examination port 46
enable diffserv examination port 47
enable diffserv examination port 48
enable diffserv examination port 49
configure ports 49 display-string Closet_Link
configure ports 49 auto off speed 10000 duplex full 
enable diffserv examination port 50
configure ports 50 display-string Closet_Link
configure ports 50 auto off speed 10000 duplex full 
enable diffserv examination port 51
configure ports 51 auto off speed 10000 duplex full 
enable diffserv examination port 52
configure ports 52 auto off speed 10000 duplex full 
enable diffserv examination port 53
configure ports 53 auto off speed 10000 duplex full 
enable diffserv examination port 54
configure ports 54 auto off speed 10000 duplex full 
enable sharing 50 grouping 49-50 algorithm address-based L2
configure vlan AP_50 add ports 50 tagged  
configure vlan AP_50 add ports 1-48 untagged  
configure vlan Camera add ports 50 tagged  
configure vlan Faculty add ports 50 tagged  
configure vlan NEC add ports 50 tagged  
configure vlan NetMgmt add ports 50 tagged  
configure vlan NoLoop add ports 1-48, 50 tagged  
configure vlan Print add ports 50 tagged  
configure vlan Printer add ports 50 tagged  
configure vlan Student add ports 50 tagged  
configure vlan unauthenticated add ports 50 tagged  
configure vlan Video add ports 50 tagged  
configure vlan Voice add ports 50 tagged  
configure vlan Mgmt ipaddress 192.168.0.1 255.255.255.0
configure vlan NetMgmt ipaddress 10.212.50.3 255.255.255.0
enable ipforwarding vlan NetMgmt
configure qosscheduler weighted-round-robin
configure qosprofile QP6 maxbuffer 100 weight 1
configure qosprofile QP6 minbw 0 maxbw 100 ports 1
configure qosprofile QP6 minbw 0 maxbw 100 ports 2
configure qosprofile QP6 minbw 0 maxbw 100 ports 3
configure qosprofile QP6 minbw 0 maxbw 100 ports 4
configure qosprofile QP6 minbw 0 maxbw 100 ports 5
configure qosprofile QP6 minbw 0 maxbw 100 ports 6
configure qosprofile QP6 minbw 0 maxbw 100 ports 7
configure qosprofile QP6 minbw 0 maxbw 100 ports 8
configure qosprofile QP6 minbw 0 maxbw 100 ports 9
configure qosprofile QP6 minbw 0 maxbw 100 ports 10
configure qosprofile QP6 minbw 0 maxbw 100 ports 11
configure qosprofile QP6 minbw 0 maxbw 100 ports 12
configure qosprofile QP6 minbw 0 maxbw 100 ports 13
configure qosprofile QP6 minbw 0 maxbw 100 ports 14
configure qosprofile QP6 minbw 0 maxbw 100 ports 15
configure qosprofile QP6 minbw 0 maxbw 100 ports 16
configure qosprofile QP6 minbw 0 maxbw 100 ports 17
configure qosprofile QP6 minbw 0 maxbw 100 ports 18
configure qosprofile QP6 minbw 0 maxbw 100 ports 19
configure qosprofile QP6 minbw 0 maxbw 100 ports 20
configure qosprofile QP6 minbw 0 maxbw 100 ports 21
configure qosprofile QP6 minbw 0 maxbw 100 ports 22
configure qosprofile QP6 minbw 0 maxbw 100 ports 23
configure qosprofile QP6 minbw 0 maxbw 100 ports 24
configure qosprofile QP6 minbw 0 maxbw 100 ports 25
configure qosprofile QP6 minbw 0 maxbw 100 ports 26
configure qosprofile QP6 minbw 0 maxbw 100 ports 27
configure qosprofile QP6 minbw 0 maxbw 100 ports 28
configure qosprofile QP6 minbw 0 maxbw 100 ports 29
configure qosprofile QP6 minbw 0 maxbw 100 ports 30
configure qosprofile QP6 minbw 0 maxbw 100 ports 31
configure qosprofile QP6 minbw 0 maxbw 100 ports 32
configure qosprofile QP6 minbw 0 maxbw 100 ports 33
configure qosprofile QP6 minbw 0 maxbw 100 ports 34
configure qosprofile QP6 minbw 0 maxbw 100 ports 35
configure qosprofile QP6 minbw 0 maxbw 100 ports 36
configure qosprofile QP6 minbw 0 maxbw 100 ports 37
configure qosprofile QP6 minbw 0 maxbw 100 ports 38
configure qosprofile QP6 minbw 0 maxbw 100 ports 39
configure qosprofile QP6 minbw 0 maxbw 100 ports 40
configure qosprofile QP6 minbw 0 maxbw 100 ports 41
configure qosprofile QP6 minbw 0 maxbw 100 ports 42
configure qosprofile QP6 minbw 0 maxbw 100 ports 43
configure qosprofile QP6 minbw 0 maxbw 100 ports 44
configure qosprofile QP6 minbw 0 maxbw 100 ports 45
configure qosprofile QP6 minbw 0 maxbw 100 ports 46
configure qosprofile QP6 minbw 0 maxbw 100 ports 47
configure qosprofile QP6 minbw 0 maxbw 100 ports 48
configure qosprofile QP6 minbw 0 maxbw 100 ports 50
configure qosprofile QP6 minbw 0 maxbw 100 ports 51
configure qosprofile QP6 minbw 0 maxbw 100 ports 52
configure qosprofile QP6 minbw 0 maxbw 100 ports 53
configure qosprofile QP6 minbw 0 maxbw 100 ports 54
configure diffserv examination code-point 46 qosprofile QP6

#
# Module fdb configuration.
#

#
# Module rtmgr configuration.
#
configure iproute add default 10.212.50.1

#
# Module mcmgr configuration.
#

#
# Module aaa configuration.
#
configure radius mgmt-access primary server 10.5.0.15 1812 client-ip 10.212.50.3 vr VR-Default
configure radius mgmt-access primary shared-secret encrypted "3#spndd{6"
configure radius mgmt-access secondary server 10.5.0.16 1812 client-ip 10.212.50.3 vr VR-Default
configure radius mgmt-access secondary shared-secret encrypted "3#spndd{6"
configure radius netlogin primary server 10.5.0.15 1812 client-ip 10.212.50.3 vr VR-Default
configure radius netlogin primary shared-secret encrypted "3#spndd{6"
configure radius netlogin secondary server 10.5.0.16 1812 client-ip 10.212.50.3 vr VR-Default
configure radius netlogin secondary shared-secret encrypted "3#spndd{6"
configure radius-accounting mgmt-access primary server 10.5.0.15 1813 client-ip 10.212.50.3 vr VR-Default
configure radius-accounting mgmt-access primary shared-secret encrypted "3#spndd{6"
configure radius-accounting mgmt-access secondary server 10.5.0.15 1813 client-ip 10.212.50.3 vr VR-Default
configure radius-accounting mgmt-access secondary shared-secret encrypted "3#spndd{6"
configure radius-accounting netlogin primary server 10.5.0.15 1813 client-ip 10.212.50.3 vr VR-Default
configure radius-accounting netlogin primary shared-secret encrypted "3#spndd{6"
configure radius-accounting netlogin secondary server 10.5.0.16 1813 client-ip 10.212.50.3 vr VR-Default
configure radius-accounting netlogin secondary shared-secret encrypted "3#spndd{6"
enable radius mgmt-access
enable radius-accounting mgmt-access
configure account admin encrypted "vFmqDH$/exe/qX7Vdc1X9sjZ/dGo/" 
create account admin delta encrypted "V1N6eP$1DYGxYbQLfkUP1GsEzg5L1" 

#
# Module acl configuration.
#




#
# Module bfd configuration.
#

#
# Module ces configuration.
#

#
# Module cfgmgr configuration.
#
configure banner before-login save-to-configuration
******************************************************************
****      --- Rochester Community School District ---         ****
**** Access to this system is limited to authorized personnel.****
****    Access by others is unauthorized and prohibited.      ****
****                  Rochester MDF 460                       ****
******************************************************************


#
# Module dosprotect configuration.
#

#
# Module dot1ag configuration.
#

#
# Module eaps configuration.
#

#
# Module edp configuration.
#

#
# Module elrp configuration.
#
enable elrp-client
configure elrp-client periodic Video ports all interval 60 log-and-trap
configure elrp-client disable-port exclude 50

#
# Module ems configuration.
#
configure syslog add 10.212.75.200:514 vr VR-Default local0
enable log target syslog 10.212.75.200:514 vr VR-Default local0
configure log target syslog 10.212.75.200:514 vr VR-Default local0 filter DefaultFilter severity Info
configure log target syslog 10.212.75.200:514 vr VR-Default local0 match Any
configure log target syslog 10.212.75.200:514 vr VR-Default local0 format timestamp seconds date Mmm-dd event-name none priority tag-name 

#
# Module epm configuration.
#

#
# Module erps configuration.
#

#
# Module esrp configuration.
#

#
# Module ethoam configuration.
#

#
# Module etmon configuration.
#

#
# Module exsshd configuration.
#
enable ssh2

#
# Module hal configuration.
#

#
# Module idMgr configuration.
#
enable identity-management
configure identity-management add ports 1-48
configure identity-management kerberos snooping add server 10.5.0.101
configure identity-management kerberos snooping add server 10.5.0.102

#
# Module ipSecurity configuration.
#

#
# Module ipfix configuration.
#

#
# Module lldp configuration.
#
configure lldp port 1 advertise vendor-specific dot3 power-via-mdi with-classification
configure lldp port 1 advertise vendor-specific med capabilities
configure lldp port 1 advertise vendor-specific med power-via-mdi
configure lldp port 2 advertise vendor-specific dot3 power-via-mdi with-classification
configure lldp port 2 advertise vendor-specific med capabilities
configure lldp port 2 advertise vendor-specific med power-via-mdi
configure lldp port 3 advertise vendor-specific dot3 power-via-mdi with-classification
configure lldp port 3 advertise vendor-specific med capabilities
configure lldp port 3 advertise vendor-specific med power-via-mdi
configure lldp port 4 advertise vendor-specific dot3 power-via-mdi with-classification
configure lldp port 4 advertise vendor-specific med capabilities
configure lldp port 4 advertise vendor-specific med power-via-mdi
configure lldp port 5 advertise vendor-specific dot3 power-via-mdi with-classification
configure lldp port 5 advertise vendor-specific med capabilities
configure lldp port 5 advertise vendor-specific med power-via-mdi
configure lldp port 6 advertise vendor-specific dot3 power-via-mdi with-classification
configure lldp port 6 advertise vendor-specific med capabilities
configure lldp port 6 advertise vendor-specific med power-via-mdi
configure lldp port 7 advertise vendor-specific dot3 power-via-mdi with-classification
configure lldp port 7 advertise vendor-specific med capabilities
configure lldp port 7 advertise vendor-specific med power-via-mdi
configure lldp port 8 advertise vendor-specific dot3 power-via-mdi with-classification
configure lldp port 8 advertise vendor-specific med capabilities
configure lldp port 8 advertise vendor-specific med power-via-mdi
configure lldp port 9 advertise vendor-specific dot3 power-via-mdi with-classification
configure lldp port 9 advertise vendor-specific med capabilities
configure lldp port 9 advertise vendor-specific med power-via-mdi
configure lldp port 10 advertise vendor-specific dot3 power-via-mdi with-classification
configure lldp port 10 advertise vendor-specific med capabilities
configure lldp port 10 advertise vendor-specific med power-via-mdi
configure lldp port 11 advertise vendor-specific dot3 power-via-mdi with-classification
configure lldp port 11 advertise vendor-specific med capabilities
configure lldp port 11 advertise vendor-specific med power-via-mdi
configure lldp port 12 advertise vendor-specific dot3 power-via-mdi with-classification
configure lldp port 12 advertise vendor-specific med capabilities
configure lldp port 12 advertise vendor-specific med power-via-mdi
configure lldp port 13 advertise vendor-specific dot3 power-via-mdi with-classification
configure lldp port 13 advertise vendor-specific med capabilities
configure lldp port 13 advertise vendor-specific med power-via-mdi
configure lldp port 14 advertise vendor-specific dot3 power-via-mdi with-classification
configure lldp port 14 advertise vendor-specific med capabilities
configure lldp port 14 advertise vendor-specific med power-via-mdi
configure lldp port 15 advertise vendor-specific dot3 power-via-mdi with-classification
configure lldp port 15 advertise vendor-specific med capabilities
configure lldp port 15 advertise vendor-specific med power-via-mdi
configure lldp port 16 advertise vendor-specific dot3 power-via-mdi with-classification
configure lldp port 16 advertise vendor-specific med capabilities
configure lldp port 16 advertise vendor-specific med power-via-mdi
configure lldp port 17 advertise vendor-specific dot3 power-via-mdi with-classification
configure lldp port 17 advertise vendor-specific med capabilities
configure lldp port 17 advertise vendor-specific med power-via-mdi
configure lldp port 18 advertise vendor-specific dot3 power-via-mdi with-classification
configure lldp port 18 advertise vendor-specific med capabilities
configure lldp port 18 advertise vendor-specific med power-via-mdi
configure lldp port 19 advertise vendor-specific dot3 power-via-mdi with-classification
configure lldp port 19 advertise vendor-specific med capabilities
configure lldp port 19 advertise vendor-specific med power-via-mdi
configure lldp port 20 advertise vendor-specific dot3 power-via-mdi with-classification
configure lldp port 20 advertise vendor-specific med capabilities
configure lldp port 20 advertise vendor-specific med power-via-mdi
configure lldp port 21 advertise vendor-specific dot3 power-via-mdi with-classification
configure lldp port 21 advertise vendor-specific med capabilities
configure lldp port 21 advertise vendor-specific med power-via-mdi
configure lldp port 22 advertise vendor-specific dot3 power-via-mdi with-classification
configure lldp port 22 advertise vendor-specific med capabilities
configure lldp port 22 advertise vendor-specific med power-via-mdi
configure lldp port 23 advertise vendor-specific dot3 power-via-mdi with-classification
configure lldp port 23 advertise vendor-specific med capabilities
configure lldp port 23 advertise vendor-specific med power-via-mdi
configure lldp port 24 advertise vendor-specific dot3 power-via-mdi with-classification
configure lldp port 24 advertise vendor-specific med capabilities
configure lldp port 24 advertise vendor-specific med power-via-mdi
configure lldp port 25 advertise vendor-specific dot3 power-via-mdi with-classification
configure lldp port 25 advertise vendor-specific med capabilities
configure lldp port 25 advertise vendor-specific med power-via-mdi
configure lldp port 26 advertise vendor-specific dot3 power-via-mdi with-classification
configure lldp port 26 advertise vendor-specific med capabilities
configure lldp port 26 advertise vendor-specific med power-via-mdi
configure lldp port 27 advertise vendor-specific dot3 power-via-mdi with-classification
configure lldp port 27 advertise vendor-specific med capabilities
configure lldp port 27 advertise vendor-specific med power-via-mdi
configure lldp port 28 advertise vendor-specific dot3 power-via-mdi with-classification
configure lldp port 28 advertise vendor-specific med capabilities
configure lldp port 28 advertise vendor-specific med power-via-mdi
configure lldp port 29 advertise vendor-specific dot3 power-via-mdi with-classification
configure lldp port 29 advertise vendor-specific med capabilities
configure lldp port 29 advertise vendor-specific med power-via-mdi
configure lldp port 30 advertise vendor-specific dot3 power-via-mdi with-classification
configure lldp port 30 advertise vendor-specific med capabilities
configure lldp port 30 advertise vendor-specific med power-via-mdi
configure lldp port 31 advertise vendor-specific dot3 power-via-mdi with-classification
configure lldp port 31 advertise vendor-specific med capabilities
configure lldp port 31 advertise vendor-specific med power-via-mdi
configure lldp port 32 advertise vendor-specific dot3 power-via-mdi with-classification
configure lldp port 32 advertise vendor-specific med capabilities
configure lldp port 32 advertise vendor-specific med power-via-mdi
configure lldp port 33 advertise vendor-specific dot3 power-via-mdi with-classification
configure lldp port 33 advertise vendor-specific med capabilities
configure lldp port 33 advertise vendor-specific med power-via-mdi
configure lldp port 34 advertise vendor-specific dot3 power-via-mdi with-classification
configure lldp port 34 advertise vendor-specific med capabilities
configure lldp port 34 advertise vendor-specific med power-via-mdi
configure lldp port 35 advertise vendor-specific dot3 power-via-mdi with-classification
configure lldp port 35 advertise vendor-specific med capabilities
configure lldp port 35 advertise vendor-specific med power-via-mdi
configure lldp port 36 advertise vendor-specific dot3 power-via-mdi with-classification
configure lldp port 36 advertise vendor-specific med capabilities
configure lldp port 36 advertise vendor-specific med power-via-mdi
configure lldp port 37 advertise vendor-specific dot3 power-via-mdi with-classification
configure lldp port 37 advertise vendor-specific med capabilities
configure lldp port 37 advertise vendor-specific med power-via-mdi
configure lldp port 38 advertise vendor-specific dot3 power-via-mdi with-classification
configure lldp port 38 advertise vendor-specific med capabilities
configure lldp port 38 advertise vendor-specific med power-via-mdi
configure lldp port 39 advertise vendor-specific dot3 power-via-mdi with-classification
configure lldp port 39 advertise vendor-specific med capabilities
configure lldp port 39 advertise vendor-specific med power-via-mdi
configure lldp port 40 advertise vendor-specific dot3 power-via-mdi with-classification
configure lldp port 40 advertise vendor-specific med capabilities
configure lldp port 40 advertise vendor-specific med power-via-mdi
configure lldp port 41 advertise vendor-specific dot3 power-via-mdi with-classification
configure lldp port 41 advertise vendor-specific med capabilities
configure lldp port 41 advertise vendor-specific med power-via-mdi
configure lldp port 42 advertise vendor-specific dot3 power-via-mdi with-classification
configure lldp port 42 advertise vendor-specific med capabilities
configure lldp port 42 advertise vendor-specific med power-via-mdi
configure lldp port 43 advertise vendor-specific dot3 power-via-mdi with-classification
configure lldp port 43 advertise vendor-specific med capabilities
configure lldp port 43 advertise vendor-specific med power-via-mdi
configure lldp port 44 advertise vendor-specific dot3 power-via-mdi with-classification
configure lldp port 44 advertise vendor-specific med capabilities
configure lldp port 44 advertise vendor-specific med power-via-mdi
configure lldp port 45 advertise vendor-specific dot3 power-via-mdi with-classification
configure lldp port 45 advertise vendor-specific med capabilities
configure lldp port 45 advertise vendor-specific med power-via-mdi
configure lldp port 46 advertise vendor-specific dot3 power-via-mdi with-classification
configure lldp port 46 advertise vendor-specific med capabilities
configure lldp port 46 advertise vendor-specific med power-via-mdi
configure lldp port 47 advertise vendor-specific dot3 power-via-mdi with-classification
configure lldp port 47 advertise vendor-specific med capabilities
configure lldp port 47 advertise vendor-specific med power-via-mdi
configure lldp port 48 advertise vendor-specific dot3 power-via-mdi with-classification
configure lldp port 48 advertise vendor-specific med capabilities
configure lldp port 48 advertise vendor-specific med power-via-mdi

#
# Module mrp configuration.
#

#
# Module msdp configuration.
#

#
# Module netLogin configuration.
#

#
# Module netTools configuration.
#
configure sntp-client primary 10.175.2.18 vr VR-Default
enable sntp-client

#
# Module ntp configuration.
#

#
# Module poe configuration.
#

#
# Module rip configuration.
#

#
# Module ripng configuration.
#

#
# Module snmpMaster configuration.
#
configure snmpv3 add group "v1v2cNotifyGroup" user "v1v2cNotifyUser1" sec-model snmpv2c 
configure snmpv3 add group "v1v2cNotifyGroup" user "v1v2cNotifyUser2" sec-model snmpv2c 
disable snmpv3 community "private"
disable snmpv3 community "public"
configure snmpv3 add community "rcs3-READ" name "rcs3-READ" user "v1v2c_ro" 
configure snmpv3 add community "rcs4-WRITE" name "rcs4-WRITE" user "v1v2c_rw" 
configure snmpv3 add community "v1v2cNotifyComm1" name "rcs-ECM" user "v1v2cNotifyUser1" 
configure snmpv3 add community "v1v2cNotifyComm2" name "ST.181685232.10550" user "v1v2cNotifyUser2" 
configure snmpv3 add target-addr "v1v2cNotifyTAddr1" param "v1v2cNotifyParam1" ipaddress 10.212.24.101 transport-port 162 tag-list "defaultNotify" 
configure snmpv3 add target-addr "v1v2cNotifyTAddr2" param "v1v2cNotifyParam2" ipaddress 10.212.75.240 transport-port 10550 from 10.212.50.3 tag-list "defaultNotify" 
configure snmpv3 add target-params "v1v2cNotifyParam1" user "v1v2cNotifyUser1" mp-model snmpv2c sec-model snmpv2c sec-level noauth 
configure snmpv3 add target-params "v1v2cNotifyParam2" user "v1v2cNotifyUser2" mp-model snmpv2c sec-model snmpv2c sec-level noauth 

#
# Module stp configuration.
#

#
# Module synce configuration.
#

#
# Module techSupport configuration.
#

#
# Module telnetd configuration.
#
disable telnet

#
# Module tftpd configuration.
#

#
# Module thttpd configuration.
#
configure ssl certificate hash-algorithm sha512 

#
# Module vmt configuration.
#

#
# Module vsm configuration.
#
