
telnet session telnet0 on /dev/ptyb0

*****************************************************************************
**                              Warning Notice                             **
** This system is restricted solely to Dearborn Public Schools authorized  **
** users for legitimate school purposes only as defined in the Dearborn    **
** Public Schools Acceptable Use Policy.  The actual or attempted          **
** unauthorized access, use, or modification of this system is strictly    **
** prohibited by Dearborn Public Schools.  Unauthorized users are subject  **
** to school disciplinary proceedings and/or criminal and civil penalties  **
** under state, federal, or other applicable domestic and foreign laws.    **
** The use of this system may be monitored and recorded for administrative **
** and security reasons.  Anyone accessing this system expressly consents  **
** to such monitoring and is advised that if monitoring reveals possible   **
** evidence of criminal activity, Dearborn Public Schools may provide the  **
** evidence of such activity to law enforcement officials.  All users must **
** comply with Dearborn Public Schools Acceptable Use Policy regarding the **
** protection of Dearborn Public Schools Information assets.               **
** Contact Information:                                                    **
**                      Dearborn Public School HelpDesk,                   **
**                  18700 Audette Dearborn, MI  48124-4295                 **
**                              (313) 730-0319                             **
**      ITDesk@dearborn.k12.mi.us      http://www.dearbornschools.org      **
**                                                                         **
*****************************************************************************

login: delta
password: 

Extreme Networks Switch Engine
Copyright (C) 1996-2023 Extreme Networks, Inc. All rights reserved.
This product is protected by one or more US patents listed at https://www.extremenetworks.com/company/legal/patents/ along with their foreign counterparts.
==============================================================================


Press the <tab> or '?' key at any time for completions.
Remember to save your configuration changes.

There have been 0 successful logins since last reboot and 0 failed logins since last successful login
No prior logins by this user since last reboot


Slot-1 IO034SW2-MC.1 # show power detail | in
clude 600W
Slot-1 IO034SW2-MC.2 # exit
